<?xml version="1.0" encoding="UTF-8"?>
<!-- Generated by org.testng.reporters.JUnitReportReporter -->
<testsuite hostname="DESKTOP-B5NHARB" failures="0" tests="3" name="testCases.ListPagesTestCases" time="22.869" errors="0" timestamp="21 Mar 2023 06:34:58 GMT" skipped="0">
  <testcase classname="testCases.ListPagesTestCases" name="verifyAdminCanAddNewPages" time="12.472"/>
  <testcase classname="testCases.ListPagesTestCases" name="verifytheTextOfResetButton" time="6.001"/>
  <testcase classname="testCases.ListPagesTestCases" name="verifyTheFunctionalityOfsearchButton" time="4.396"/>
</testsuite> <!-- testCases.ListPagesTestCases -->
