<?xml version="1.0" encoding="UTF-8"?>
<!-- Generated by org.testng.reporters.JUnitReportReporter -->
<testsuite skipped="0" hostname="DESKTOP-B5NHARB" name="testCases.PushNotificationTestCases" tests="2" failures="0" timestamp="23 Feb 2023 10:44:33 GMT" time="29.875" errors="0">
  <testcase name="verifyIfRestButtonIsWorking" time="20.946" classname="testCases.PushNotificationTestCases"/>
  <testcase name="verifyIfTheAdminCanSendPushMessageNotification" time="8.929" classname="testCases.PushNotificationTestCases"/>
</testsuite> <!-- testCases.PushNotificationTestCases -->
