<?xml version="1.0" encoding="UTF-8"?>
<!-- Generated by org.testng.reporters.JUnitReportReporter -->
<testsuite hostname="DESKTOP-B5NHARB" failures="0" tests="5" name="testCases.ManageDeliveryBoyPageTestCases" time="26.003" errors="0" timestamp="21 Mar 2023 06:41:20 GMT" skipped="0">
  <testcase classname="testCases.ManageDeliveryBoyPageTestCases" name="verifyTheBagroundColorOfsearchButton" time="3.639"/>
  <testcase classname="testCases.ManageDeliveryBoyPageTestCases" name="verifyAlertMessageWhileClickingOnDeleteButton" time="6.525"/>
  <testcase classname="testCases.ManageDeliveryBoyPageTestCases" name="verifyTheBGColorOFnewButton" time="3.671"/>
  <testcase classname="testCases.ManageDeliveryBoyPageTestCases" name="verifyTheTextOfNewButton" time="3.519"/>
  <testcase classname="testCases.ManageDeliveryBoyPageTestCases" name="verifyAdminCanChangeThestatusOfDeliveryBoy" time="8.649"/>
</testsuite> <!-- testCases.ManageDeliveryBoyPageTestCases -->
