<?xml version="1.0" encoding="UTF-8"?>
<!-- Generated by org.testng.reporters.JUnitReportReporter -->
<testsuite hostname="DESKTOP-B5NHARB" failures="0" tests="2" name="testCases.PushNotificationTestCases" time="14.375" errors="0" timestamp="21 Mar 2023 10:58:20 GMT" skipped="0">
  <testcase classname="testCases.PushNotificationTestCases" name="verifyIfTheAdminCanSendPushMessageNotification" time="5.264"/>
  <testcase classname="testCases.PushNotificationTestCases" name="verifyIfRestButtonIsWorking" time="9.111"/>
</testsuite> <!-- testCases.PushNotificationTestCases -->
