<?xml version="1.0" encoding="UTF-8"?>
<!-- Generated by org.testng.reporters.JUnitReportReporter -->
<testsuite skipped="0" hostname="DESKTOP-B5NHARB" name="testCases.ListPagesTestCases" tests="1" failures="0" timestamp="28 Feb 2023 11:06:52 GMT" time="11.109" errors="0">
  <testcase name="verifyAdminCanAddNewPages" time="11.109" classname="testCases.ListPagesTestCases"/>
</testsuite> <!-- testCases.ListPagesTestCases -->
