<?xml version="1.0" encoding="UTF-8"?>
<!-- Generated by org.testng.reporters.JUnitReportReporter -->
<testsuite skipped="0" hostname="DESKTOP-B5NHARB" name="testCases.AdminPageTestCases" tests="2" failures="0" timestamp="28 Feb 2023 09:29:33 GMT" time="21.035" errors="0">
  <testcase name="verifyingPageTiTleOfAdminHomePage" time="6.811" classname="testCases.AdminPageTestCases"/>
  <testcase name="verifyLogoutButton" time="14.224" classname="testCases.AdminPageTestCases"/>
</testsuite> <!-- testCases.AdminPageTestCases -->
