<?xml version="1.0" encoding="UTF-8"?>
<!-- Generated by org.testng.reporters.JUnitReportReporter -->
<testsuite hostname="DESKTOP-B5NHARB" failures="0" tests="3" name="testCases.AdminPageTestCases" time="15.282" errors="0" timestamp="21 Mar 2023 03:17:18 GMT" skipped="0">
  <testcase classname="testCases.AdminPageTestCases" name="verifyLogoutButton" time="4.139"/>
  <testcase classname="testCases.AdminPageTestCases" name="verifyAdminCanAccesExpenceCAtegoryPage" time="7.453"/>
  <testcase classname="testCases.AdminPageTestCases" name="verifyingPageTiTleOfAdminHomePage" time="3.690"/>
</testsuite> <!-- testCases.AdminPageTestCases -->
