<?xml version="1.0" encoding="UTF-8"?>
<!-- Generated by org.testng.reporters.JUnitReportReporter -->
<testsuite hostname="DESKTOP-B5NHARB" failures="0" tests="7" name="testCases.LoginPageTestCases" time="38.482" errors="0" timestamp="21 Mar 2023 15:42:13 GMT" skipped="0">
  <testcase classname="testCases.LoginPageTestCases" name="verifyLoginWithInvalidCredentials" time="9.359"/>
  <testcase classname="testCases.LoginPageTestCases" name="verifyTheTextOftitle7MartSupermarket" time="3.369"/>
  <testcase classname="testCases.LoginPageTestCases" name="verifyTheBacgroundColourOfSignInButton" time="10.270"/>
  <testcase classname="testCases.LoginPageTestCases" name="verifyLoginWithInvalidCredentials" time="3.769"/>
  <testcase classname="testCases.LoginPageTestCases" name="verifyCheckboxRemeneberMeIsSelected" time="3.332"/>
  <testcase classname="testCases.LoginPageTestCases" name="verifyLoginWithValidCredentials" time="4.302"/>
  <testcase classname="testCases.LoginPageTestCases" name="verifyTheTextOfSignInButton" time="4.081"/>
</testsuite> <!-- testCases.LoginPageTestCases -->
