<?xml version="1.0" encoding="UTF-8"?>
<!-- Generated by org.testng.reporters.JUnitReportReporter -->
<testsuite skipped="0" hostname="DESKTOP-B5NHARB" name="testCases.PushNotificationTestCases" tests="2" failures="0" timestamp="09 Mar 2023 23:59:58 GMT" time="15.018" errors="0">
  <testcase name="verifyIfRestButtonIsWorking" time="6.929" classname="testCases.PushNotificationTestCases"/>
  <testcase name="verifyIfTheAdminCanSendPushMessageNotification" time="8.089" classname="testCases.PushNotificationTestCases"/>
</testsuite> <!-- testCases.PushNotificationTestCases -->
