<?xml version="1.0" encoding="UTF-8"?>
<!-- Generated by org.testng.reporters.JUnitReportReporter -->
<testsuite skipped="0" hostname="DESKTOP-B5NHARB" name="testCases.AdminPageTestCases" tests="4" failures="0" timestamp="09 Mar 2023 23:01:03 GMT" time="22.837" errors="0">
  <testcase name="verifyAdminCanaccesCreateMerchantTab" time="5.286" classname="testCases.AdminPageTestCases"/>
  <testcase name="verifyAdminCanAccesExpenceCAtegoryPage" time="8.231" classname="testCases.AdminPageTestCases"/>
  <testcase name="verifyLogoutButton" time="4.774" classname="testCases.AdminPageTestCases"/>
  <testcase name="verifyingPageTiTleOfAdminHomePage" time="4.546" classname="testCases.AdminPageTestCases"/>
</testsuite> <!-- testCases.AdminPageTestCases -->
