<?xml version="1.0" encoding="UTF-8"?>
<!-- Generated by org.testng.reporters.JUnitReportReporter -->
<testsuite skipped="0" hostname="DESKTOP-B5NHARB" name="testCases.ListPagesTestCases" tests="2" failures="0" timestamp="09 Mar 2023 23:20:20 GMT" time="20.729" errors="0">
  <testcase name="verifyAdminCanAddNewPages" time="12.748" classname="testCases.ListPagesTestCases"/>
  <testcase name="verifyTheFunctionalityOfsearchButton" time="7.981" classname="testCases.ListPagesTestCases"/>
</testsuite> <!-- testCases.ListPagesTestCases -->
