<?xml version="1.0" encoding="UTF-8"?>
<!-- Generated by org.testng.reporters.JUnitReportReporter -->
<testsuite hostname="DESKTOP-B5NHARB" failures="0" tests="3" name="testCases.AdminPageTestCases" time="16.147" errors="0" timestamp="21 Mar 2023 15:42:13 GMT" skipped="0">
  <testcase classname="testCases.AdminPageTestCases" name="verifyLogoutButton" time="3.941"/>
  <testcase classname="testCases.AdminPageTestCases" name="verifyingPageTiTleOfAdminHomePage" time="3.377"/>
  <testcase classname="testCases.AdminPageTestCases" name="verifyAdminCanAccesExpenceCAtegoryPage" time="8.829"/>
</testsuite> <!-- testCases.AdminPageTestCases -->
