<?xml version="1.0" encoding="UTF-8"?>
<!-- Generated by org.testng.reporters.JUnitReportReporter -->
<testsuite skipped="6" hostname="DESKTOP-B5NHARB" name="testCases.LoginPageTestCases" tests="13" failures="0" timestamp="28 Feb 2023 11:28:10 GMT" time="61.096" errors="1">
  <testcase name="verifyLoginWithInvalidCredentials" time="0.000" classname="testCases.LoginPageTestCases">
    <skipped/>
  </testcase> <!-- verifyLoginWithInvalidCredentials -->
  <testcase name="verifyLoginWithValidCredentials" time="9.773" classname="testCases.LoginPageTestCases"/>
  <testcase name="verifyTheTextOftitle7MartSupermarket" time="14.180" classname="testCases.LoginPageTestCases"/>
  <testcase name="verifyTheTextOfSignInButton" time="7.119" classname="testCases.LoginPageTestCases"/>
  <testcase name="verifyCheckboxRemeneberMeIsSelected" time="13.645" classname="testCases.LoginPageTestCases"/>
  <testcase name="verifyLoginWithValidCredentials" time="0.000" classname="testCases.LoginPageTestCases">
    <skipped/>
  </testcase> <!-- verifyLoginWithValidCredentials -->
  <testcase name="verifyLoginWithInvalidCredentials" time="6.814" classname="testCases.LoginPageTestCases"/>
  <testcase name="verifyTheTextOftitle7MartSupermarket" time="0.000" classname="testCases.LoginPageTestCases">
    <skipped/>
  </testcase> <!-- verifyTheTextOftitle7MartSupermarket -->
  <testcase name="verifyTheBacgrooundColourOfSignInButton" time="9.261" classname="testCases.LoginPageTestCases"/>
  <testcase name="verifyTheTextOfSignInButton" time="0.001" classname="testCases.LoginPageTestCases">
    <skipped/>
  </testcase> <!-- verifyTheTextOfSignInButton -->
  <testcase name="verifyTheBacgrooundColourOfSignInButton" time="0.000" classname="testCases.LoginPageTestCases">
    <skipped/>
  </testcase> <!-- verifyTheBacgrooundColourOfSignInButton -->
  <testcase name="verifyCheckboxRemeneberMeIsSelected" time="0.000" classname="testCases.LoginPageTestCases">
    <skipped/>
  </testcase> <!-- verifyCheckboxRemeneberMeIsSelected -->
  <testcase name="beforeMethod" time="0.303" classname="testCases.LoginPageTestCases">
    <error type="java.lang.IllegalStateException" message="The path to the driver executable The path to the driver executable must be set by the webdriver.chrome.driver system property; for more information, see https://chromedriver.chromium.org/. The latest version can be downloaded from https://chromedriver.chromium.org/downloads">
      <![CDATA[java.lang.IllegalStateException: The path to the driver executable The path to the driver executable must be set by the webdriver.chrome.driver system property; for more information, see https://chromedriver.chromium.org/. The latest version can be downloaded from https://chromedriver.chromium.org/downloads
at org.openqa.selenium.internal.Require$StateChecker.nonNull(Require.java:314)
at org.openqa.selenium.remote.service.DriverService.findExecutable(DriverService.java:149)
at org.openqa.selenium.chrome.ChromeDriverService.access$000(ChromeDriverService.java:41)
at org.openqa.selenium.chrome.ChromeDriverService$Builder.findDefaultExecutable(ChromeDriverService.java:285)
at org.openqa.selenium.remote.service.DriverService$Builder.build(DriverService.java:456)
at org.openqa.selenium.chrome.ChromeDriverService.createDefaultService(ChromeDriverService.java:146)
at org.openqa.selenium.chrome.ChromeDriver.<init>(ChromeDriver.java:50)
at testCases.BaseClass.beforeMethod(BaseClass.java:40)
at sun.reflect.NativeMethodAccessorImpl.invoke0(Native Method)
at sun.reflect.NativeMethodAccessorImpl.invoke(NativeMethodAccessorImpl.java:62)
at sun.reflect.DelegatingMethodAccessorImpl.invoke(DelegatingMethodAccessorImpl.java:43)
at java.lang.reflect.Method.invoke(Method.java:498)
at org.testng.internal.MethodInvocationHelper.invokeMethod(MethodInvocationHelper.java:124)
at org.testng.internal.MethodInvocationHelper.invokeMethodConsideringTimeout(MethodInvocationHelper.java:59)
at org.testng.internal.Invoker.invokeConfigurationMethod(Invoker.java:458)
at org.testng.internal.Invoker.invokeConfigurations(Invoker.java:222)
at org.testng.internal.Invoker.invokeMethod(Invoker.java:523)
at org.testng.internal.Invoker.invokeTestMethod(Invoker.java:719)
at org.testng.internal.Invoker.invokeTestMethods(Invoker.java:989)
at org.testng.internal.TestMethodWorker.invokeTestMethods(TestMethodWorker.java:125)
at org.testng.internal.TestMethodWorker.run(TestMethodWorker.java:109)
at org.testng.TestRunner.privateRun(TestRunner.java:648)
at org.testng.TestRunner.run(TestRunner.java:505)
at org.testng.SuiteRunner.runTest(SuiteRunner.java:455)
at org.testng.SuiteRunner.access$000(SuiteRunner.java:40)
at org.testng.SuiteRunner$SuiteWorker.run(SuiteRunner.java:489)
at org.testng.internal.thread.ThreadUtil$1.call(ThreadUtil.java:52)
at java.util.concurrent.FutureTask.run(FutureTask.java:266)
at java.util.concurrent.ThreadPoolExecutor.runWorker(ThreadPoolExecutor.java:1149)
at java.util.concurrent.ThreadPoolExecutor$Worker.run(ThreadPoolExecutor.java:624)
at java.lang.Thread.run(Thread.java:748)
]]>
    </error>
  </testcase> <!-- beforeMethod -->
</testsuite> <!-- testCases.LoginPageTestCases -->
