<?xml version="1.0" encoding="UTF-8"?>
<!-- Generated by org.testng.reporters.JUnitReportReporter -->
<testsuite hostname="DESKTOP-B5NHARB" failures="0" tests="2" name="testCases.ManageOrderPageTestCases" time="9.209" errors="0" timestamp="21 Mar 2023 03:17:18 GMT" skipped="0">
  <testcase classname="testCases.ManageOrderPageTestCases" name="verifyAdminCanSelectDropDownInstatusFieldWhileZClickingSearchButton" time="5.123"/>
  <testcase classname="testCases.ManageOrderPageTestCases" name="verifyBagroundColrOfSearchButtonInManageOrderPAge" time="4.086"/>
</testsuite> <!-- testCases.ManageOrderPageTestCases -->
