<?xml version="1.0" encoding="UTF-8"?>
<!-- Generated by org.testng.reporters.JUnitReportReporter -->
<testsuite hostname="DESKTOP-B5NHARB" failures="0" tests="3" name="testCases.AdminUsersPageTestCases" time="31.219" errors="0" timestamp="21 Mar 2023 06:28:43 GMT" skipped="0">
  <testcase classname="testCases.AdminUsersPageTestCases" name="verifyTheStatusOfAdminUsers" time="6.482"/>
  <testcase classname="testCases.AdminUsersPageTestCases" name="verifyAdminCanAddNewAdminUsers" time="11.965"/>
  <testcase classname="testCases.AdminUsersPageTestCases" name="verifyifAdminCAnDeleteUsers" time="12.772"/>
</testsuite> <!-- testCases.AdminUsersPageTestCases -->
