<?xml version="1.0" encoding="UTF-8"?>
<!-- Generated by org.testng.reporters.JUnitReportReporter -->
<testsuite skipped="0" hostname="DESKTOP-B5NHARB" name="testCases.LoginPageTestCases" tests="8" failures="0" timestamp="10 Mar 2023 01:20:34 GMT" time="34.107" errors="0">
  <testcase name="verifyTheBacgrooundColourOfSignInButton" time="3.255" classname="testCases.LoginPageTestCases"/>
  <testcase name="verifyLoginWithInvalidCredentials" time="3.903" classname="testCases.LoginPageTestCases"/>
  <testcase name="verifyTheTextOftitle7MartSupermarket" time="3.615" classname="testCases.LoginPageTestCases"/>
  <testcase name="verifyLoginWithValidCredentials" time="5.145" classname="testCases.LoginPageTestCases"/>
  <testcase name="verifyLoginWithInvalidCredentials" time="3.810" classname="testCases.LoginPageTestCases"/>
  <testcase name="verifyCheckboxRemeneberMeIsSelected" time="3.471" classname="testCases.LoginPageTestCases"/>
  <testcase name="verifyLoginWithInvalidCredentials" time="7.349" classname="testCases.LoginPageTestCases"/>
  <testcase name="verifyTheTextOfSignInButton" time="3.559" classname="testCases.LoginPageTestCases"/>
</testsuite> <!-- testCases.LoginPageTestCases -->
