<?xml version="1.0" encoding="UTF-8"?>
<!-- Generated by org.testng.reporters.JUnitReportReporter -->
<testsuite hostname="DESKTOP-B5NHARB" failures="0" tests="7" name="testCases.LoginPageTestCases" time="22.393" errors="0" timestamp="21 Mar 2023 03:48:21 GMT" skipped="0">
  <testcase classname="testCases.LoginPageTestCases" name="verifyTheTextOfSignInButton" time="2.288"/>
  <testcase classname="testCases.LoginPageTestCases" name="verifyLoginWithInvalidCredentials" time="2.823"/>
  <testcase classname="testCases.LoginPageTestCases" name="verifyLoginWithValidCredentials" time="6.279"/>
  <testcase classname="testCases.LoginPageTestCases" name="verifyTheTextOftitle7MartSupermarket" time="2.412"/>
  <testcase classname="testCases.LoginPageTestCases" name="verifyCheckboxRemeneberMeIsSelected" time="2.736"/>
  <testcase classname="testCases.LoginPageTestCases" name="verifyLoginWithInvalidCredentials" time="3.427"/>
  <testcase classname="testCases.LoginPageTestCases" name="verifyTheBacgroundColourOfSignInButton" time="2.428"/>
</testsuite> <!-- testCases.LoginPageTestCases -->
