<?xml version="1.0" encoding="UTF-8"?>
<!-- Generated by org.testng.reporters.JUnitReportReporter -->
<testsuite hostname="DESKTOP-B5NHARB" failures="0" tests="3" name="testCases.ManageSliderPageTestCases" time="20.955" errors="0" timestamp="21 Mar 2023 15:40:50 GMT" skipped="0">
  <testcase classname="testCases.ManageSliderPageTestCases" name="verifyAdminCanAddNewSlider" time="7.482"/>
  <testcase classname="testCases.ManageSliderPageTestCases" name="verifyAdminCanChangeTheStatusOfALinkInManageSliderPage" time="8.272"/>
  <testcase classname="testCases.ManageSliderPageTestCases" name="verifyBagroundColorOfRestButton" time="5.201"/>
</testsuite> <!-- testCases.ManageSliderPageTestCases -->
