<?xml version="1.0" encoding="UTF-8"?>
<!-- Generated by org.testng.reporters.JUnitReportReporter -->
<testsuite hostname="DESKTOP-B5NHARB" failures="0" tests="2" name="testCases.ManageOfferCodeTestCases" time="17.645" errors="0" timestamp="21 Mar 2023 06:46:25 GMT" skipped="0">
  <testcase classname="testCases.ManageOfferCodeTestCases" name="verifySearchButtonInManageOfferCodePAge" time="4.355"/>
  <testcase classname="testCases.ManageOfferCodeTestCases" name="verifyIfAdminAbleToaddNewOfferCode" time="13.290"/>
</testsuite> <!-- testCases.ManageOfferCodeTestCases -->
